moving to additional positions
moving to additional ustrx 3.5011
capture params and image
Setting software saving {img_acq_device}/dq_p1_s1_roi133059_151980_{scan_number}_data_
using detectors [<bliss.controllers.lima.lima_base.Lima object at 0x7f03f8d0c350>, <bliss.controllers.ct2.client.CT2Controller object at 0x7f03f68b2910>]
started the scan at :
['ustry', 'ustrz']
[-15.5435, -4.8838]
... adding p201 [p201_eh2_0]
... PRINT BUILDER:


-->|__ LimaAcquisitionMaster( eiger ) ( image ) |


-->|__ CT2AcquisitionMaster( p201_eh2_0 ) |
      |
      |__ CT2CounterAcquisitionSlave( ct2_counters_controller ) ( ct21, ct22, ct23, ct24, ct25, ct26, ct27, ct28, ct29, ct2a, acq_time_2 ) |


... detectors [{<bliss.controllers.lima.lima_base.Lima object at 0x7f03f8d0c350>}]
+++  eiger: 0/5000 (saved 0)  positions: 0/5000  +++
'ustry` velocity changed from 5.0 to 0.1
+++  eiger: 471/5000 (saved 470)  positions: 472/5000  +++
+++  eiger: 500/5000 (saved 499)  positions: 500/5000  +++
+++  eiger: 987/5000 (saved 986)  positions: 986/5000  +++
+++  eiger: 1000/5000 (saved 999)  positions: 1000/5000  +++
+++  eiger: 1479/5000 (saved 1478)  positions: 1475/5000  +++
+++  eiger: 1500/5000 (saved 1499)  positions: 1500/5000  +++
+++  eiger: 1971/5000 (saved 1970)  positions: 1976/5000  +++
+++  eiger: 2000/5000 (saved 1999)  positions: 2000/5000  +++
+++  eiger: 2486/5000 (saved 2485)  positions: 2488/5000  +++
+++  eiger: 2500/5000 (saved 2499)  positions: 2500/5000  +++
+++  eiger: 2979/5000 (saved 2978)  positions: 2976/5000  +++
+++  eiger: 3000/5000 (saved 2999)  positions: 3000/5000  +++
+++  eiger: 3470/5000 (saved 3469)  positions: 3475/5000  +++
+++  eiger: 3500/5000 (saved 3499)  positions: 3500/5000  +++
+++  eiger: 3988/5000 (saved 3986)  positions: 3987/5000  +++
+++  eiger: 4000/5000 (saved 3999)  positions: 4000/5000  +++
+++  eiger: 4475/5000 (saved 4474)  positions: 4477/5000  +++
+++  eiger: 4500/5000 (saved 4499)  positions: 4500/5000  +++
+++  eiger: 4969/5000 (saved 4968)  positions: 4966/5000  +++
+++  eiger: 5000/5000 (saved 4999)  positions: 5000/5000  +++
+++  eiger: 5000/5000 (saved 5000)  positions: 5000/5000  +++
moved back to:
['ustry', 'ustrz']
[-15.5435, -4.8838]
Took: 146.19535970687866 seconds
stopping monitor
